[2022-10-17 13:57:39] INFO [main] AppConfig.configureDefaultServletHandling(32) | =============> context start application ==========> org.springframework.jdbc.datasource.DriverManagerDataSource@10b687f2
[2022-10-17 13:57:39] INFO [main] AppConfig.createTable(54) | ========> Table HN_GROUP already exists !
[2022-10-17 13:57:39] INFO [main] AppConfig.createTable(54) | ========> Table HN_USER already exists !
[2022-10-17 14:00:20] INFO [http-nio-8080-exec-6] HNServicePermissionEvaluator.hasPermission(19) | ---------> username-random3386 : read
[2022-10-17 14:00:20] INFO [http-nio-8080-exec-6] HNServicePermissionEvaluator.hasPermission(19) | ---------> username-random3484 : read
[2022-10-17 14:00:20] INFO [http-nio-8080-exec-6] HNServicePermissionEvaluator.hasPermission(19) | ---------> username-random3084 : read
[2022-10-17 14:00:20] INFO [http-nio-8080-exec-6] HNServicePermissionEvaluator.hasPermission(19) | ---------> username-random983 : read
[2022-10-17 14:00:20] INFO [http-nio-8080-exec-6] HNServicePermissionEvaluator.hasPermission(19) | ---------> username-random1982 : read
[2022-10-17 14:00:20] INFO [http-nio-8080-exec-6] HNServicePermissionEvaluator.hasPermission(19) | ---------> username-random1880 : read
[2022-10-17 14:00:20] INFO [http-nio-8080-exec-6] HNServicePermissionEvaluator.hasPermission(19) | ---------> username-random1280 : read
[2022-10-17 14:00:20] INFO [http-nio-8080-exec-6] HNServicePermissionEvaluator.hasPermission(19) | ---------> username-random879 : read
[2022-10-17 14:00:20] INFO [http-nio-8080-exec-6] HNServicePermissionEvaluator.hasPermission(19) | ---------> username-random778 : read
[2022-10-17 14:00:20] INFO [http-nio-8080-exec-6] HNServicePermissionEvaluator.hasPermission(19) | ---------> username-random4176 : read
[2022-10-17 14:00:20] INFO [http-nio-8080-exec-6] HNServicePermissionEvaluator.hasPermission(19) | ---------> username-random3969 : read
[2022-10-17 14:00:20] INFO [http-nio-8080-exec-6] HNServicePermissionEvaluator.hasPermission(19) | ---------> username-random2169 : read
[2022-10-17 14:00:20] INFO [http-nio-8080-exec-6] HNServicePermissionEvaluator.hasPermission(19) | ---------> username-random1369 : read
[2022-10-17 14:00:20] INFO [http-nio-8080-exec-6] HNServicePermissionEvaluator.hasPermission(19) | ---------> username-random1163 : read
[2022-10-17 14:00:20] INFO [http-nio-8080-exec-6] HNServicePermissionEvaluator.hasPermission(19) | ---------> username-random3561 : read
[2022-10-17 14:00:20] INFO [http-nio-8080-exec-6] HNServicePermissionEvaluator.hasPermission(19) | ---------> username-random2759 : read
[2022-10-17 14:00:20] INFO [http-nio-8080-exec-6] HNServicePermissionEvaluator.hasPermission(19) | ---------> username-random259 : read
[2022-10-17 14:00:20] INFO [http-nio-8080-exec-6] HNServicePermissionEvaluator.hasPermission(19) | ---------> username-random4458 : read
[2022-10-17 14:00:20] INFO [http-nio-8080-exec-6] HNServicePermissionEvaluator.hasPermission(19) | ---------> username-random4351 : read
[2022-10-17 14:00:20] INFO [http-nio-8080-exec-6] HNServicePermissionEvaluator.hasPermission(19) | ---------> username-random3250 : read
[2022-10-17 14:00:20] INFO [http-nio-8080-exec-6] HNServicePermissionEvaluator.hasPermission(19) | ---------> username-random4842 : read
[2022-10-17 14:00:20] INFO [http-nio-8080-exec-6] HNServicePermissionEvaluator.hasPermission(19) | ---------> username-random139 : read
[2022-10-17 14:00:20] INFO [http-nio-8080-exec-6] HNServicePermissionEvaluator.hasPermission(19) | ---------> username-random2038 : read
[2022-10-17 14:00:20] INFO [http-nio-8080-exec-6] HNServicePermissionEvaluator.hasPermission(19) | ---------> username-random3836 : read
[2022-10-17 14:00:20] INFO [http-nio-8080-exec-6] HNServicePermissionEvaluator.hasPermission(19) | ---------> username-random2933 : read
[2022-10-17 14:00:20] INFO [http-nio-8080-exec-6] HNServicePermissionEvaluator.hasPermission(19) | ---------> username-random530 : read
[2022-10-17 14:00:20] INFO [http-nio-8080-exec-6] HNServicePermissionEvaluator.hasPermission(19) | ---------> username-random4529 : read
[2022-10-17 14:00:20] INFO [http-nio-8080-exec-6] HNServicePermissionEvaluator.hasPermission(19) | ---------> username-random1029 : read
[2022-10-17 14:00:20] INFO [http-nio-8080-exec-6] HNServicePermissionEvaluator.hasPermission(19) | ---------> username-random2327 : read
[2022-10-17 14:00:20] INFO [http-nio-8080-exec-6] HNServicePermissionEvaluator.hasPermission(19) | ---------> username-random3626 : read
[2022-10-17 14:00:20] INFO [http-nio-8080-exec-6] HNServicePermissionEvaluator.hasPermission(19) | ---------> username-random2625 : read
[2022-10-17 14:00:20] INFO [http-nio-8080-exec-6] HNServicePermissionEvaluator.hasPermission(19) | ---------> username-random2222 : read
[2022-10-17 14:00:20] INFO [http-nio-8080-exec-6] HNServicePermissionEvaluator.hasPermission(19) | ---------> sa1221 : read
[2022-10-17 14:00:20] INFO [http-nio-8080-exec-6] HNServicePermissionEvaluator.hasPermission(19) | ---------> username-random4621 : read
[2022-10-17 14:00:20] INFO [http-nio-8080-exec-6] HNServicePermissionEvaluator.hasPermission(19) | ---------> username-random620 : read
[2022-10-17 14:00:20] INFO [http-nio-8080-exec-6] HNServicePermissionEvaluator.hasPermission(19) | ---------> admins19 : read
[2022-10-17 14:00:20] INFO [http-nio-8080-exec-6] HNServicePermissionEvaluator.hasPermission(19) | ---------> admin19 : read
[2022-10-17 14:00:20] INFO [http-nio-8080-exec-6] HNServicePermissionEvaluator.hasPermission(19) | ---------> hero19 : read
[2022-10-17 14:00:20] INFO [http-nio-8080-exec-6] HNServicePermissionEvaluator.hasPermission(19) | ---------> supermen19 : read
[2022-10-17 14:00:20] INFO [http-nio-8080-exec-6] HNServicePermissionEvaluator.hasPermission(19) | ---------> test18 : read
[2022-10-17 14:00:20] INFO [http-nio-8080-exec-6] HNServicePermissionEvaluator.hasPermission(19) | ---------> username-random4918 : read
[2022-10-17 14:00:20] INFO [http-nio-8080-exec-6] HNServicePermissionEvaluator.hasPermission(19) | ---------> username-random5016 : read
[2022-10-17 14:00:20] INFO [http-nio-8080-exec-6] HNServicePermissionEvaluator.hasPermission(19) | ---------> username-random414 : read
[2022-10-17 14:00:20] INFO [http-nio-8080-exec-6] HNServicePermissionEvaluator.hasPermission(19) | ---------> username-random1612 : read
[2022-10-17 14:00:20] INFO [http-nio-8080-exec-6] HNServicePermissionEvaluator.hasPermission(19) | ---------> khachhang111 : read
[2022-10-17 14:00:20] INFO [http-nio-8080-exec-6] HNServicePermissionEvaluator.hasPermission(19) | ---------> username-random3110 : read
[2022-10-17 14:00:20] INFO [http-nio-8080-exec-6] HNServicePermissionEvaluator.hasPermission(19) | ---------> username-random144 : read
[2022-10-17 14:00:20] INFO [http-nio-8080-exec-6] HNServicePermissionEvaluator.hasPermission(19) | ---------> username-random423 : read
[2022-10-17 14:00:20] INFO [http-nio-8080-exec-6] HNServicePermissionEvaluator.hasPermission(19) | ---------> username-random372 : read
[2022-10-17 14:00:21] INFO [http-nio-8080-exec-5] HNServicePermissionEvaluator.hasPermission(19) | ---------> username-random3386 : read
[2022-10-17 14:00:21] INFO [http-nio-8080-exec-5] HNServicePermissionEvaluator.hasPermission(19) | ---------> username-random3484 : read
[2022-10-17 14:00:21] INFO [http-nio-8080-exec-5] HNServicePermissionEvaluator.hasPermission(19) | ---------> username-random3084 : read
[2022-10-17 14:00:21] INFO [http-nio-8080-exec-5] HNServicePermissionEvaluator.hasPermission(19) | ---------> username-random983 : read
[2022-10-17 14:00:21] INFO [http-nio-8080-exec-5] HNServicePermissionEvaluator.hasPermission(19) | ---------> username-random1982 : read
[2022-10-17 14:00:21] INFO [http-nio-8080-exec-5] HNServicePermissionEvaluator.hasPermission(19) | ---------> username-random1880 : read
[2022-10-17 14:00:21] INFO [http-nio-8080-exec-5] HNServicePermissionEvaluator.hasPermission(19) | ---------> username-random1280 : read
[2022-10-17 14:00:21] INFO [http-nio-8080-exec-5] HNServicePermissionEvaluator.hasPermission(19) | ---------> username-random879 : read
[2022-10-17 14:00:21] INFO [http-nio-8080-exec-5] HNServicePermissionEvaluator.hasPermission(19) | ---------> username-random778 : read
[2022-10-17 14:00:21] INFO [http-nio-8080-exec-5] HNServicePermissionEvaluator.hasPermission(19) | ---------> username-random4176 : read
[2022-10-17 14:00:21] INFO [http-nio-8080-exec-5] HNServicePermissionEvaluator.hasPermission(19) | ---------> username-random3969 : read
[2022-10-17 14:00:21] INFO [http-nio-8080-exec-5] HNServicePermissionEvaluator.hasPermission(19) | ---------> username-random2169 : read
[2022-10-17 14:00:21] INFO [http-nio-8080-exec-5] HNServicePermissionEvaluator.hasPermission(19) | ---------> username-random1369 : read
[2022-10-17 14:00:21] INFO [http-nio-8080-exec-5] HNServicePermissionEvaluator.hasPermission(19) | ---------> username-random1163 : read
[2022-10-17 14:00:21] INFO [http-nio-8080-exec-5] HNServicePermissionEvaluator.hasPermission(19) | ---------> username-random3561 : read
[2022-10-17 14:00:21] INFO [http-nio-8080-exec-5] HNServicePermissionEvaluator.hasPermission(19) | ---------> username-random2759 : read
[2022-10-17 14:00:21] INFO [http-nio-8080-exec-5] HNServicePermissionEvaluator.hasPermission(19) | ---------> username-random259 : read
[2022-10-17 14:00:21] INFO [http-nio-8080-exec-5] HNServicePermissionEvaluator.hasPermission(19) | ---------> username-random4458 : read
[2022-10-17 14:00:21] INFO [http-nio-8080-exec-5] HNServicePermissionEvaluator.hasPermission(19) | ---------> username-random4351 : read
[2022-10-17 14:00:21] INFO [http-nio-8080-exec-5] HNServicePermissionEvaluator.hasPermission(19) | ---------> username-random3250 : read
[2022-10-17 14:00:21] INFO [http-nio-8080-exec-5] HNServicePermissionEvaluator.hasPermission(19) | ---------> username-random4842 : read
[2022-10-17 14:00:21] INFO [http-nio-8080-exec-5] HNServicePermissionEvaluator.hasPermission(19) | ---------> username-random139 : read
[2022-10-17 14:00:21] INFO [http-nio-8080-exec-5] HNServicePermissionEvaluator.hasPermission(19) | ---------> username-random2038 : read
[2022-10-17 14:00:21] INFO [http-nio-8080-exec-5] HNServicePermissionEvaluator.hasPermission(19) | ---------> username-random3836 : read
[2022-10-17 14:00:21] INFO [http-nio-8080-exec-5] HNServicePermissionEvaluator.hasPermission(19) | ---------> username-random2933 : read
[2022-10-17 14:00:21] INFO [http-nio-8080-exec-5] HNServicePermissionEvaluator.hasPermission(19) | ---------> username-random530 : read
[2022-10-17 14:00:21] INFO [http-nio-8080-exec-5] HNServicePermissionEvaluator.hasPermission(19) | ---------> username-random4529 : read
[2022-10-17 14:00:21] INFO [http-nio-8080-exec-5] HNServicePermissionEvaluator.hasPermission(19) | ---------> username-random1029 : read
[2022-10-17 14:00:21] INFO [http-nio-8080-exec-5] HNServicePermissionEvaluator.hasPermission(19) | ---------> username-random2327 : read
[2022-10-17 14:00:21] INFO [http-nio-8080-exec-5] HNServicePermissionEvaluator.hasPermission(19) | ---------> username-random3626 : read
[2022-10-17 14:00:21] INFO [http-nio-8080-exec-5] HNServicePermissionEvaluator.hasPermission(19) | ---------> username-random2625 : read
[2022-10-17 14:00:21] INFO [http-nio-8080-exec-5] HNServicePermissionEvaluator.hasPermission(19) | ---------> username-random2222 : read
[2022-10-17 14:00:21] INFO [http-nio-8080-exec-5] HNServicePermissionEvaluator.hasPermission(19) | ---------> sa1221 : read
[2022-10-17 14:00:21] INFO [http-nio-8080-exec-5] HNServicePermissionEvaluator.hasPermission(19) | ---------> username-random4621 : read
[2022-10-17 14:00:21] INFO [http-nio-8080-exec-5] HNServicePermissionEvaluator.hasPermission(19) | ---------> username-random620 : read
[2022-10-17 14:00:21] INFO [http-nio-8080-exec-5] HNServicePermissionEvaluator.hasPermission(19) | ---------> admins19 : read
[2022-10-17 14:00:21] INFO [http-nio-8080-exec-5] HNServicePermissionEvaluator.hasPermission(19) | ---------> admin19 : read
[2022-10-17 14:00:21] INFO [http-nio-8080-exec-5] HNServicePermissionEvaluator.hasPermission(19) | ---------> hero19 : read
[2022-10-17 14:00:21] INFO [http-nio-8080-exec-5] HNServicePermissionEvaluator.hasPermission(19) | ---------> supermen19 : read
[2022-10-17 14:00:21] INFO [http-nio-8080-exec-5] HNServicePermissionEvaluator.hasPermission(19) | ---------> test18 : read
[2022-10-17 14:00:21] INFO [http-nio-8080-exec-5] HNServicePermissionEvaluator.hasPermission(19) | ---------> username-random4918 : read
[2022-10-17 14:00:21] INFO [http-nio-8080-exec-5] HNServicePermissionEvaluator.hasPermission(19) | ---------> username-random5016 : read
[2022-10-17 14:00:21] INFO [http-nio-8080-exec-5] HNServicePermissionEvaluator.hasPermission(19) | ---------> username-random414 : read
[2022-10-17 14:00:21] INFO [http-nio-8080-exec-5] HNServicePermissionEvaluator.hasPermission(19) | ---------> username-random1612 : read
[2022-10-17 14:00:21] INFO [http-nio-8080-exec-5] HNServicePermissionEvaluator.hasPermission(19) | ---------> khachhang111 : read
[2022-10-17 14:00:21] INFO [http-nio-8080-exec-5] HNServicePermissionEvaluator.hasPermission(19) | ---------> username-random3110 : read
[2022-10-17 14:00:21] INFO [http-nio-8080-exec-5] HNServicePermissionEvaluator.hasPermission(19) | ---------> username-random144 : read
[2022-10-17 14:00:21] INFO [http-nio-8080-exec-5] HNServicePermissionEvaluator.hasPermission(19) | ---------> username-random423 : read
[2022-10-17 14:00:21] INFO [http-nio-8080-exec-5] HNServicePermissionEvaluator.hasPermission(19) | ---------> username-random372 : read
